  Game.cpp
C:\Users\gamep\Documents\GitHub\CSE-171\ClassicGame\Chapter02\Game.cpp(154,26): warning C4838: conversion from 'float' to 'int' requires a narrowing conversion
C:\Users\gamep\Documents\GitHub\CSE-171\ClassicGame\Chapter02\Game.cpp(154,26): warning C4244: 'initializing': conversion from 'float' to 'int', possible loss of data
C:\Users\gamep\Documents\GitHub\CSE-171\ClassicGame\Chapter02\Game.cpp(155,26): warning C4838: conversion from 'float' to 'int' requires a narrowing conversion
C:\Users\gamep\Documents\GitHub\CSE-171\ClassicGame\Chapter02\Game.cpp(155,26): warning C4244: 'initializing': conversion from 'float' to 'int', possible loss of data
C:\Users\gamep\Documents\GitHub\CSE-171\ClassicGame\Chapter02\Game.cpp(156,20): warning C4838: conversion from 'float' to 'int' requires a narrowing conversion
C:\Users\gamep\Documents\GitHub\CSE-171\ClassicGame\Chapter02\Game.cpp(156,20): warning C4244: 'initializing': conversion from 'float' to 'int', possible loss of data
C:\Users\gamep\Documents\GitHub\CSE-171\ClassicGame\Chapter02\Game.cpp(157,20): warning C4838: conversion from 'float' to 'int' requires a narrowing conversion
C:\Users\gamep\Documents\GitHub\CSE-171\ClassicGame\Chapter02\Game.cpp(157,20): warning C4244: 'initializing': conversion from 'float' to 'int', possible loss of data
C:\Users\gamep\Documents\GitHub\CSE-171\ClassicGame\Chapter02\Game.cpp(174,16): warning C4018: '<': signed/unsigned mismatch
  Game.vcxproj -> C:\Users\gamep\Documents\GitHub\CSE-171\ClassicGame\Chapter02\Debug\Game.exe
  C:\Users\gamep\Documents\GitHub\CSE-171\ClassicGame\Chapter02\\..\external\SDL\lib\win\x86\libfreetype-6.dll
  C:\Users\gamep\Documents\GitHub\CSE-171\ClassicGame\Chapter02\\..\external\SDL\lib\win\x86\libogg-0.dll
  C:\Users\gamep\Documents\GitHub\CSE-171\ClassicGame\Chapter02\\..\external\SDL\lib\win\x86\libpng16-16.dll
  C:\Users\gamep\Documents\GitHub\CSE-171\ClassicGame\Chapter02\\..\external\SDL\lib\win\x86\libvorbis-0.dll
  C:\Users\gamep\Documents\GitHub\CSE-171\ClassicGame\Chapter02\\..\external\SDL\lib\win\x86\libvorbisfile-3.dll
  C:\Users\gamep\Documents\GitHub\CSE-171\ClassicGame\Chapter02\\..\external\SDL\lib\win\x86\SDL2.dll
  C:\Users\gamep\Documents\GitHub\CSE-171\ClassicGame\Chapter02\\..\external\SDL\lib\win\x86\SDL2_image.dll
  C:\Users\gamep\Documents\GitHub\CSE-171\ClassicGame\Chapter02\\..\external\SDL\lib\win\x86\SDL2_mixer.dll
  C:\Users\gamep\Documents\GitHub\CSE-171\ClassicGame\Chapter02\\..\external\SDL\lib\win\x86\SDL2_ttf.dll
  C:\Users\gamep\Documents\GitHub\CSE-171\ClassicGame\Chapter02\\..\external\SDL\lib\win\x86\zlib1.dll
  10 File(s) copied
  C:\Users\gamep\Documents\GitHub\CSE-171\ClassicGame\Chapter02\\..\external\GLEW\lib\win\x86\glew32.dll
  1 File(s) copied
